2019-07-31 11:32:35.040 [Thread-7] INFO  io.github.biezhi.wechat.api.WechatClient -
				[*] 正在获取 uuid ... 
2019-07-31 11:32:35.328 [Thread-7] INFO  io.github.biezhi.wechat.api.WechatClient -
				[*] 正在获取二维码 ... 成功

2019-07-31 11:32:36.497 [Thread-7] INFO  io.github.biezhi.wechat.api.WechatClient -
				[*] 请使用微信扫描二维码以登录 ... 

2019-07-31 11:32:42.200 [Thread-7] INFO  io.github.biezhi.wechat.api.WechatClient -
				[*] 请在手机上点击确认以登录 ... 

2019-07-31 11:32:44.854 [Thread-7] INFO  io.github.biezhi.wechat.api.WechatApi -
				[*] 设置cookie []
2019-07-31 11:36:07.890 [Thread-15] INFO  io.github.biezhi.wechat.api.WechatClient -
				[*] 正在获取 uuid ... 
2019-07-31 11:36:08.145 [Thread-15] INFO  io.github.biezhi.wechat.api.WechatClient -
				[*] 正在获取二维码 ... 成功

2019-07-31 11:36:09.310 [Thread-15] INFO  io.github.biezhi.wechat.api.WechatClient -
				[*] 请使用微信扫描二维码以登录 ... 

2019-07-31 11:36:14.714 [Thread-15] INFO  io.github.biezhi.wechat.api.WechatClient -
				[*] 请在手机上点击确认以登录 ... 

2019-07-31 11:36:16.724 [Thread-15] INFO  io.github.biezhi.wechat.api.WechatApi -
				[*] 设置cookie []
2019-07-31 11:39:12.940 [Thread-19] INFO  io.github.biezhi.wechat.api.WechatClient -
				[*] 正在获取 uuid ... 
2019-07-31 11:39:13.229 [Thread-19] INFO  io.github.biezhi.wechat.api.WechatClient -
				[*] 正在获取二维码 ... 成功

2019-07-31 11:39:14.404 [Thread-19] INFO  io.github.biezhi.wechat.api.WechatClient -
				[*] 请使用微信扫描二维码以登录 ... 

2019-07-31 11:39:21.710 [Thread-19] INFO  io.github.biezhi.wechat.api.WechatClient -
				[*] 请在手机上点击确认以登录 ... 

2019-07-31 11:39:23.659 [Thread-19] INFO  io.github.biezhi.wechat.api.WechatApi -
				[*] 设置cookie []
